2025-01-23 15:14:38 - Starting MyIntegrationTest using Java 21.0.4 with PID 15232 (started by s30277 in C:\Users\s30277\Desktop\projekt\projektjazimpr\projekt-API)
2025-01-23 15:14:38 - No active profile set, falling back to 1 default profile: "default"
2025-01-23 15:14:39 - Bootstrapping Spring Data JPA repositories in DEFAULT mode.
2025-01-23 15:14:40 - Finished Spring Data repository scanning in 242 ms. Found 7 JPA repository interfaces.
2025-01-23 15:14:40 - Bootstrapping Spring Data JPA repositories in DEFAULT mode.
2025-01-23 15:14:40 - Overriding bean definition for bean 'itemRepository' with a different definition: replacing [Root bean: class=org.springframework.data.jpa.repository.support.JpaRepositoryFactoryBean; scope=; abstract=false; lazyInit=false; autowireMode=0; dependencyCheck=0; autowireCandidate=true; primary=false; fallback=false; factoryBeanName=null; factoryMethodName=null; initMethodNames=null; destroyMethodNames=null; defined in org.example.repositories.ItemRepository defined in @EnableJpaRepositories declared on ItemUpdater] with [Root bean: class=org.springframework.data.jpa.repository.support.JpaRepositoryFactoryBean; scope=; abstract=false; lazyInit=false; autowireMode=0; dependencyCheck=0; autowireCandidate=true; primary=false; fallback=false; factoryBeanName=null; factoryMethodName=null; initMethodNames=null; destroyMethodNames=null; defined in org.example.repositories.ItemRepository defined in @EnableJpaRepositories declared on API]
2025-01-23 15:14:40 - Overriding bean definition for bean 'itemSpellsRepository' with a different definition: replacing [Root bean: class=org.springframework.data.jpa.repository.support.JpaRepositoryFactoryBean; scope=; abstract=false; lazyInit=false; autowireMode=0; dependencyCheck=0; autowireCandidate=true; primary=false; fallback=false; factoryBeanName=null; factoryMethodName=null; initMethodNames=null; destroyMethodNames=null; defined in org.example.repositories.ItemSpellsRepository defined in @EnableJpaRepositories declared on ItemUpdater] with [Root bean: class=org.springframework.data.jpa.repository.support.JpaRepositoryFactoryBean; scope=; abstract=false; lazyInit=false; autowireMode=0; dependencyCheck=0; autowireCandidate=true; primary=false; fallback=false; factoryBeanName=null; factoryMethodName=null; initMethodNames=null; destroyMethodNames=null; defined in org.example.repositories.ItemSpellsRepository defined in @EnableJpaRepositories declared on API]
2025-01-23 15:14:40 - Overriding bean definition for bean 'itemStatsRepository' with a different definition: replacing [Root bean: class=org.springframework.data.jpa.repository.support.JpaRepositoryFactoryBean; scope=; abstract=false; lazyInit=false; autowireMode=0; dependencyCheck=0; autowireCandidate=true; primary=false; fallback=false; factoryBeanName=null; factoryMethodName=null; initMethodNames=null; destroyMethodNames=null; defined in org.example.repositories.ItemStatsRepository defined in @EnableJpaRepositories declared on ItemUpdater] with [Root bean: class=org.springframework.data.jpa.repository.support.JpaRepositoryFactoryBean; scope=; abstract=false; lazyInit=false; autowireMode=0; dependencyCheck=0; autowireCandidate=true; primary=false; fallback=false; factoryBeanName=null; factoryMethodName=null; initMethodNames=null; destroyMethodNames=null; defined in org.example.repositories.ItemStatsRepository defined in @EnableJpaRepositories declared on API]
2025-01-23 15:14:40 - Overriding bean definition for bean 'itemSubclassRepository' with a different definition: replacing [Root bean: class=org.springframework.data.jpa.repository.support.JpaRepositoryFactoryBean; scope=; abstract=false; lazyInit=false; autowireMode=0; dependencyCheck=0; autowireCandidate=true; primary=false; fallback=false; factoryBeanName=null; factoryMethodName=null; initMethodNames=null; destroyMethodNames=null; defined in org.example.repositories.ItemSubclassRepository defined in @EnableJpaRepositories declared on ItemUpdater] with [Root bean: class=org.springframework.data.jpa.repository.support.JpaRepositoryFactoryBean; scope=; abstract=false; lazyInit=false; autowireMode=0; dependencyCheck=0; autowireCandidate=true; primary=false; fallback=false; factoryBeanName=null; factoryMethodName=null; initMethodNames=null; destroyMethodNames=null; defined in org.example.repositories.ItemSubclassRepository defined in @EnableJpaRepositories declared on API]
2025-01-23 15:14:40 - Overriding bean definition for bean 'itemSetRepository' with a different definition: replacing [Root bean: class=org.springframework.data.jpa.repository.support.JpaRepositoryFactoryBean; scope=; abstract=false; lazyInit=false; autowireMode=0; dependencyCheck=0; autowireCandidate=true; primary=false; fallback=false; factoryBeanName=null; factoryMethodName=null; initMethodNames=null; destroyMethodNames=null; defined in org.example.repositories.ItemSetRepository defined in @EnableJpaRepositories declared on ItemUpdater] with [Root bean: class=org.springframework.data.jpa.repository.support.JpaRepositoryFactoryBean; scope=; abstract=false; lazyInit=false; autowireMode=0; dependencyCheck=0; autowireCandidate=true; primary=false; fallback=false; factoryBeanName=null; factoryMethodName=null; initMethodNames=null; destroyMethodNames=null; defined in org.example.repositories.ItemSetRepository defined in @EnableJpaRepositories declared on API]
2025-01-23 15:14:40 - Overriding bean definition for bean 'itemClassRepository' with a different definition: replacing [Root bean: class=org.springframework.data.jpa.repository.support.JpaRepositoryFactoryBean; scope=; abstract=false; lazyInit=false; autowireMode=0; dependencyCheck=0; autowireCandidate=true; primary=false; fallback=false; factoryBeanName=null; factoryMethodName=null; initMethodNames=null; destroyMethodNames=null; defined in org.example.repositories.ItemClassRepository defined in @EnableJpaRepositories declared on ItemUpdater] with [Root bean: class=org.springframework.data.jpa.repository.support.JpaRepositoryFactoryBean; scope=; abstract=false; lazyInit=false; autowireMode=0; dependencyCheck=0; autowireCandidate=true; primary=false; fallback=false; factoryBeanName=null; factoryMethodName=null; initMethodNames=null; destroyMethodNames=null; defined in org.example.repositories.ItemClassRepository defined in @EnableJpaRepositories declared on API]
2025-01-23 15:14:40 - Overriding bean definition for bean 'itemMediaRepository' with a different definition: replacing [Root bean: class=org.springframework.data.jpa.repository.support.JpaRepositoryFactoryBean; scope=; abstract=false; lazyInit=false; autowireMode=0; dependencyCheck=0; autowireCandidate=true; primary=false; fallback=false; factoryBeanName=null; factoryMethodName=null; initMethodNames=null; destroyMethodNames=null; defined in org.example.repositories.ItemMediaRepository defined in @EnableJpaRepositories declared on ItemUpdater] with [Root bean: class=org.springframework.data.jpa.repository.support.JpaRepositoryFactoryBean; scope=; abstract=false; lazyInit=false; autowireMode=0; dependencyCheck=0; autowireCandidate=true; primary=false; fallback=false; factoryBeanName=null; factoryMethodName=null; initMethodNames=null; destroyMethodNames=null; defined in org.example.repositories.ItemMediaRepository defined in @EnableJpaRepositories declared on API]
2025-01-23 15:14:40 - Finished Spring Data repository scanning in 19 ms. Found 7 JPA repository interfaces.
2025-01-23 15:14:41 - Tomcat initialized with port 0 (http)
2025-01-23 15:14:41 - Initializing ProtocolHandler ["http-nio-auto-1"]
2025-01-23 15:14:41 - Starting service [Tomcat]
2025-01-23 15:14:41 - Starting Servlet engine: [Apache Tomcat/10.1.33]
2025-01-23 15:14:41 - Initializing Spring embedded WebApplicationContext
2025-01-23 15:14:41 - Root WebApplicationContext: initialization completed in 2150 ms
2025-01-23 15:14:41 - HikariPool-1 - Starting...
2025-01-23 15:14:41 - HikariPool-1 - Added connection org.mariadb.jdbc.Connection@47e98d6b
2025-01-23 15:14:41 - HikariPool-1 - Start completed.
2025-01-23 15:14:41 - HHH000204: Processing PersistenceUnitInfo [name: default]
2025-01-23 15:14:41 - HHH000412: Hibernate ORM core version 6.6.2.Final
2025-01-23 15:14:42 - HHH000026: Second-level cache disabled
2025-01-23 15:14:42 - No LoadTimeWeaver setup: ignoring JPA class transformer
2025-01-23 15:14:42 - HHH90000025: MySQLDialect does not need to be specified explicitly using 'hibernate.dialect' (remove the property setting and it will be selected by default)
2025-01-23 15:14:42 - HHH10001005: Database info:
	Database JDBC URL [Connecting through datasource 'HikariDataSource (HikariPool-1)']
	Database driver: undefined/unknown
	Database version: 11.6.2
	Autocommit mode: undefined/unknown
	Isolation level: undefined/unknown
	Minimum pool size: undefined/unknown
	Maximum pool size: undefined/unknown
2025-01-23 15:14:44 - HHH000489: No JTA platform available (set 'hibernate.transaction.jta.platform' to enable JTA platform integration)
2025-01-23 15:14:44 - Initialized JPA EntityManagerFactory for persistence unit 'default'
2025-01-23 15:14:44 - Hibernate is in classpath; If applicable, HQL parser will be used.
2025-01-23 15:14:45 - spring.jpa.open-in-view is enabled by default. Therefore, database queries may be performed during view rendering. Explicitly configure spring.jpa.open-in-view to disable this warning
2025-01-23 15:14:46 - Starting ProtocolHandler ["http-nio-auto-1"]
2025-01-23 15:14:46 - Tomcat started on port 52293 (http) with context path '/'
2025-01-23 15:14:46 - Started MyIntegrationTest in 8.084 seconds (process running for 10.009)
2025-01-23 15:14:48 - Initializing Spring DispatcherServlet 'dispatcherServlet'
2025-01-23 15:14:48 - Initializing Servlet 'dispatcherServlet'
2025-01-23 15:14:48 - Completed initialization in 1 ms
2025-01-23 15:14:50 - Commencing graceful shutdown. Waiting for active requests to complete
2025-01-23 15:14:50 - Graceful shutdown complete
2025-01-23 15:14:52 - Closing JPA EntityManagerFactory for persistence unit 'default'
2025-01-23 15:14:52 - HikariPool-1 - Shutdown initiated...
2025-01-23 15:14:52 - HikariPool-1 - Shutdown completed.
