2025-01-19 20:56:05 - Starting API using Java 21.0.4 with PID 41720 (C:\Users\kamil\Studia\mpr\projekt\projekt-API\build\classes\java\main started by kamil in C:\Users\kamil\Studia\mpr\projekt)
2025-01-19 20:56:05 - No active profile set, falling back to 1 default profile: "default"
2025-01-19 20:56:05 - Bootstrapping Spring Data JPA repositories in DEFAULT mode.
2025-01-19 20:56:05 - Finished Spring Data repository scanning in 87 ms. Found 7 JPA repository interfaces.
2025-01-19 20:56:05 - Bootstrapping Spring Data JPA repositories in DEFAULT mode.
2025-01-19 20:56:05 - Overriding bean definition for bean 'itemClassRepository' with a different definition: replacing [Root bean: class=org.springframework.data.jpa.repository.support.JpaRepositoryFactoryBean; scope=; abstract=false; lazyInit=false; autowireMode=0; dependencyCheck=0; autowireCandidate=true; primary=false; fallback=false; factoryBeanName=null; factoryMethodName=null; initMethodNames=null; destroyMethodNames=null; defined in org.example.repositories.ItemClassRepository defined in @EnableJpaRepositories declared on ItemUpdater] with [Root bean: class=org.springframework.data.jpa.repository.support.JpaRepositoryFactoryBean; scope=; abstract=false; lazyInit=false; autowireMode=0; dependencyCheck=0; autowireCandidate=true; primary=false; fallback=false; factoryBeanName=null; factoryMethodName=null; initMethodNames=null; destroyMethodNames=null; defined in org.example.repositories.ItemClassRepository defined in @EnableJpaRepositories declared on API]
2025-01-19 20:56:05 - Overriding bean definition for bean 'itemMediaRepository' with a different definition: replacing [Root bean: class=org.springframework.data.jpa.repository.support.JpaRepositoryFactoryBean; scope=; abstract=false; lazyInit=false; autowireMode=0; dependencyCheck=0; autowireCandidate=true; primary=false; fallback=false; factoryBeanName=null; factoryMethodName=null; initMethodNames=null; destroyMethodNames=null; defined in org.example.repositories.ItemMediaRepository defined in @EnableJpaRepositories declared on ItemUpdater] with [Root bean: class=org.springframework.data.jpa.repository.support.JpaRepositoryFactoryBean; scope=; abstract=false; lazyInit=false; autowireMode=0; dependencyCheck=0; autowireCandidate=true; primary=false; fallback=false; factoryBeanName=null; factoryMethodName=null; initMethodNames=null; destroyMethodNames=null; defined in org.example.repositories.ItemMediaRepository defined in @EnableJpaRepositories declared on API]
2025-01-19 20:56:05 - Overriding bean definition for bean 'itemSubclassRepository' with a different definition: replacing [Root bean: class=org.springframework.data.jpa.repository.support.JpaRepositoryFactoryBean; scope=; abstract=false; lazyInit=false; autowireMode=0; dependencyCheck=0; autowireCandidate=true; primary=false; fallback=false; factoryBeanName=null; factoryMethodName=null; initMethodNames=null; destroyMethodNames=null; defined in org.example.repositories.ItemSubclassRepository defined in @EnableJpaRepositories declared on ItemUpdater] with [Root bean: class=org.springframework.data.jpa.repository.support.JpaRepositoryFactoryBean; scope=; abstract=false; lazyInit=false; autowireMode=0; dependencyCheck=0; autowireCandidate=true; primary=false; fallback=false; factoryBeanName=null; factoryMethodName=null; initMethodNames=null; destroyMethodNames=null; defined in org.example.repositories.ItemSubclassRepository defined in @EnableJpaRepositories declared on API]
2025-01-19 20:56:05 - Overriding bean definition for bean 'itemStatsRepository' with a different definition: replacing [Root bean: class=org.springframework.data.jpa.repository.support.JpaRepositoryFactoryBean; scope=; abstract=false; lazyInit=false; autowireMode=0; dependencyCheck=0; autowireCandidate=true; primary=false; fallback=false; factoryBeanName=null; factoryMethodName=null; initMethodNames=null; destroyMethodNames=null; defined in org.example.repositories.ItemStatsRepository defined in @EnableJpaRepositories declared on ItemUpdater] with [Root bean: class=org.springframework.data.jpa.repository.support.JpaRepositoryFactoryBean; scope=; abstract=false; lazyInit=false; autowireMode=0; dependencyCheck=0; autowireCandidate=true; primary=false; fallback=false; factoryBeanName=null; factoryMethodName=null; initMethodNames=null; destroyMethodNames=null; defined in org.example.repositories.ItemStatsRepository defined in @EnableJpaRepositories declared on API]
2025-01-19 20:56:05 - Overriding bean definition for bean 'itemRepository' with a different definition: replacing [Root bean: class=org.springframework.data.jpa.repository.support.JpaRepositoryFactoryBean; scope=; abstract=false; lazyInit=false; autowireMode=0; dependencyCheck=0; autowireCandidate=true; primary=false; fallback=false; factoryBeanName=null; factoryMethodName=null; initMethodNames=null; destroyMethodNames=null; defined in org.example.repositories.ItemRepository defined in @EnableJpaRepositories declared on ItemUpdater] with [Root bean: class=org.springframework.data.jpa.repository.support.JpaRepositoryFactoryBean; scope=; abstract=false; lazyInit=false; autowireMode=0; dependencyCheck=0; autowireCandidate=true; primary=false; fallback=false; factoryBeanName=null; factoryMethodName=null; initMethodNames=null; destroyMethodNames=null; defined in org.example.repositories.ItemRepository defined in @EnableJpaRepositories declared on API]
2025-01-19 20:56:05 - Overriding bean definition for bean 'itemSpellsRepository' with a different definition: replacing [Root bean: class=org.springframework.data.jpa.repository.support.JpaRepositoryFactoryBean; scope=; abstract=false; lazyInit=false; autowireMode=0; dependencyCheck=0; autowireCandidate=true; primary=false; fallback=false; factoryBeanName=null; factoryMethodName=null; initMethodNames=null; destroyMethodNames=null; defined in org.example.repositories.ItemSpellsRepository defined in @EnableJpaRepositories declared on ItemUpdater] with [Root bean: class=org.springframework.data.jpa.repository.support.JpaRepositoryFactoryBean; scope=; abstract=false; lazyInit=false; autowireMode=0; dependencyCheck=0; autowireCandidate=true; primary=false; fallback=false; factoryBeanName=null; factoryMethodName=null; initMethodNames=null; destroyMethodNames=null; defined in org.example.repositories.ItemSpellsRepository defined in @EnableJpaRepositories declared on API]
2025-01-19 20:56:05 - Overriding bean definition for bean 'itemSetRepository' with a different definition: replacing [Root bean: class=org.springframework.data.jpa.repository.support.JpaRepositoryFactoryBean; scope=; abstract=false; lazyInit=false; autowireMode=0; dependencyCheck=0; autowireCandidate=true; primary=false; fallback=false; factoryBeanName=null; factoryMethodName=null; initMethodNames=null; destroyMethodNames=null; defined in org.example.repositories.ItemSetRepository defined in @EnableJpaRepositories declared on ItemUpdater] with [Root bean: class=org.springframework.data.jpa.repository.support.JpaRepositoryFactoryBean; scope=; abstract=false; lazyInit=false; autowireMode=0; dependencyCheck=0; autowireCandidate=true; primary=false; fallback=false; factoryBeanName=null; factoryMethodName=null; initMethodNames=null; destroyMethodNames=null; defined in org.example.repositories.ItemSetRepository defined in @EnableJpaRepositories declared on API]
2025-01-19 20:56:05 - Finished Spring Data repository scanning in 17 ms. Found 7 JPA repository interfaces.
2025-01-19 20:56:06 - Tomcat initialized with port 8082 (http)
2025-01-19 20:56:06 - Initializing ProtocolHandler ["http-nio-8082"]
2025-01-19 20:56:06 - Starting service [Tomcat]
2025-01-19 20:56:06 - Starting Servlet engine: [Apache Tomcat/10.1.33]
2025-01-19 20:56:06 - Initializing Spring embedded WebApplicationContext
2025-01-19 20:56:06 - Root WebApplicationContext: initialization completed in 799 ms
2025-01-19 20:56:06 - HikariPool-1 - Starting...
2025-01-19 20:56:06 - HikariPool-1 - Added connection org.mariadb.jdbc.Connection@3869a6e5
2025-01-19 20:56:06 - HikariPool-1 - Start completed.
2025-01-19 20:56:06 - HHH000204: Processing PersistenceUnitInfo [name: default]
2025-01-19 20:56:06 - HHH000412: Hibernate ORM core version 6.6.2.Final
2025-01-19 20:56:06 - HHH000026: Second-level cache disabled
2025-01-19 20:56:06 - No LoadTimeWeaver setup: ignoring JPA class transformer
2025-01-19 20:56:06 - HHH90000025: MySQLDialect does not need to be specified explicitly using 'hibernate.dialect' (remove the property setting and it will be selected by default)
2025-01-19 20:56:06 - HHH10001005: Database info:
	Database JDBC URL [Connecting through datasource 'HikariDataSource (HikariPool-1)']
	Database driver: undefined/unknown
	Database version: 11.6.2
	Autocommit mode: undefined/unknown
	Isolation level: undefined/unknown
	Minimum pool size: undefined/unknown
	Maximum pool size: undefined/unknown
2025-01-19 20:56:07 - HHH000489: No JTA platform available (set 'hibernate.transaction.jta.platform' to enable JTA platform integration)
2025-01-19 20:56:07 - Initialized JPA EntityManagerFactory for persistence unit 'default'
2025-01-19 20:56:07 - Hibernate is in classpath; If applicable, HQL parser will be used.
2025-01-19 20:56:07 - spring.jpa.open-in-view is enabled by default. Therefore, database queries may be performed during view rendering. Explicitly configure spring.jpa.open-in-view to disable this warning
2025-01-19 20:56:08 - Starting ProtocolHandler ["http-nio-8082"]
2025-01-19 20:56:08 - Tomcat started on port 8082 (http) with context path '/'
2025-01-19 20:56:08 - Started API in 3.081 seconds (process running for 3.409)
2025-01-19 20:56:23 - Commencing graceful shutdown. Waiting for active requests to complete
2025-01-19 20:56:23 - Graceful shutdown complete
2025-01-19 20:56:26 - Starting API using Java 21.0.4 with PID 42772 (C:\Users\kamil\Studia\mpr\projekt\projekt-API\build\classes\java\main started by kamil in C:\Users\kamil\Studia\mpr\projekt)
2025-01-19 20:56:26 - No active profile set, falling back to 1 default profile: "default"
2025-01-19 20:56:26 - Bootstrapping Spring Data JPA repositories in DEFAULT mode.
2025-01-19 20:56:27 - Finished Spring Data repository scanning in 85 ms. Found 7 JPA repository interfaces.
2025-01-19 20:56:27 - Bootstrapping Spring Data JPA repositories in DEFAULT mode.
2025-01-19 20:56:27 - Overriding bean definition for bean 'itemSubclassRepository' with a different definition: replacing [Root bean: class=org.springframework.data.jpa.repository.support.JpaRepositoryFactoryBean; scope=; abstract=false; lazyInit=false; autowireMode=0; dependencyCheck=0; autowireCandidate=true; primary=false; fallback=false; factoryBeanName=null; factoryMethodName=null; initMethodNames=null; destroyMethodNames=null; defined in org.example.repositories.ItemSubclassRepository defined in @EnableJpaRepositories declared on ItemUpdater] with [Root bean: class=org.springframework.data.jpa.repository.support.JpaRepositoryFactoryBean; scope=; abstract=false; lazyInit=false; autowireMode=0; dependencyCheck=0; autowireCandidate=true; primary=false; fallback=false; factoryBeanName=null; factoryMethodName=null; initMethodNames=null; destroyMethodNames=null; defined in org.example.repositories.ItemSubclassRepository defined in @EnableJpaRepositories declared on API]
2025-01-19 20:56:27 - Overriding bean definition for bean 'itemMediaRepository' with a different definition: replacing [Root bean: class=org.springframework.data.jpa.repository.support.JpaRepositoryFactoryBean; scope=; abstract=false; lazyInit=false; autowireMode=0; dependencyCheck=0; autowireCandidate=true; primary=false; fallback=false; factoryBeanName=null; factoryMethodName=null; initMethodNames=null; destroyMethodNames=null; defined in org.example.repositories.ItemMediaRepository defined in @EnableJpaRepositories declared on ItemUpdater] with [Root bean: class=org.springframework.data.jpa.repository.support.JpaRepositoryFactoryBean; scope=; abstract=false; lazyInit=false; autowireMode=0; dependencyCheck=0; autowireCandidate=true; primary=false; fallback=false; factoryBeanName=null; factoryMethodName=null; initMethodNames=null; destroyMethodNames=null; defined in org.example.repositories.ItemMediaRepository defined in @EnableJpaRepositories declared on API]
2025-01-19 20:56:27 - Overriding bean definition for bean 'itemSpellsRepository' with a different definition: replacing [Root bean: class=org.springframework.data.jpa.repository.support.JpaRepositoryFactoryBean; scope=; abstract=false; lazyInit=false; autowireMode=0; dependencyCheck=0; autowireCandidate=true; primary=false; fallback=false; factoryBeanName=null; factoryMethodName=null; initMethodNames=null; destroyMethodNames=null; defined in org.example.repositories.ItemSpellsRepository defined in @EnableJpaRepositories declared on ItemUpdater] with [Root bean: class=org.springframework.data.jpa.repository.support.JpaRepositoryFactoryBean; scope=; abstract=false; lazyInit=false; autowireMode=0; dependencyCheck=0; autowireCandidate=true; primary=false; fallback=false; factoryBeanName=null; factoryMethodName=null; initMethodNames=null; destroyMethodNames=null; defined in org.example.repositories.ItemSpellsRepository defined in @EnableJpaRepositories declared on API]
2025-01-19 20:56:27 - Overriding bean definition for bean 'itemRepository' with a different definition: replacing [Root bean: class=org.springframework.data.jpa.repository.support.JpaRepositoryFactoryBean; scope=; abstract=false; lazyInit=false; autowireMode=0; dependencyCheck=0; autowireCandidate=true; primary=false; fallback=false; factoryBeanName=null; factoryMethodName=null; initMethodNames=null; destroyMethodNames=null; defined in org.example.repositories.ItemRepository defined in @EnableJpaRepositories declared on ItemUpdater] with [Root bean: class=org.springframework.data.jpa.repository.support.JpaRepositoryFactoryBean; scope=; abstract=false; lazyInit=false; autowireMode=0; dependencyCheck=0; autowireCandidate=true; primary=false; fallback=false; factoryBeanName=null; factoryMethodName=null; initMethodNames=null; destroyMethodNames=null; defined in org.example.repositories.ItemRepository defined in @EnableJpaRepositories declared on API]
2025-01-19 20:56:27 - Overriding bean definition for bean 'itemSetRepository' with a different definition: replacing [Root bean: class=org.springframework.data.jpa.repository.support.JpaRepositoryFactoryBean; scope=; abstract=false; lazyInit=false; autowireMode=0; dependencyCheck=0; autowireCandidate=true; primary=false; fallback=false; factoryBeanName=null; factoryMethodName=null; initMethodNames=null; destroyMethodNames=null; defined in org.example.repositories.ItemSetRepository defined in @EnableJpaRepositories declared on ItemUpdater] with [Root bean: class=org.springframework.data.jpa.repository.support.JpaRepositoryFactoryBean; scope=; abstract=false; lazyInit=false; autowireMode=0; dependencyCheck=0; autowireCandidate=true; primary=false; fallback=false; factoryBeanName=null; factoryMethodName=null; initMethodNames=null; destroyMethodNames=null; defined in org.example.repositories.ItemSetRepository defined in @EnableJpaRepositories declared on API]
2025-01-19 20:56:27 - Overriding bean definition for bean 'itemStatsRepository' with a different definition: replacing [Root bean: class=org.springframework.data.jpa.repository.support.JpaRepositoryFactoryBean; scope=; abstract=false; lazyInit=false; autowireMode=0; dependencyCheck=0; autowireCandidate=true; primary=false; fallback=false; factoryBeanName=null; factoryMethodName=null; initMethodNames=null; destroyMethodNames=null; defined in org.example.repositories.ItemStatsRepository defined in @EnableJpaRepositories declared on ItemUpdater] with [Root bean: class=org.springframework.data.jpa.repository.support.JpaRepositoryFactoryBean; scope=; abstract=false; lazyInit=false; autowireMode=0; dependencyCheck=0; autowireCandidate=true; primary=false; fallback=false; factoryBeanName=null; factoryMethodName=null; initMethodNames=null; destroyMethodNames=null; defined in org.example.repositories.ItemStatsRepository defined in @EnableJpaRepositories declared on API]
2025-01-19 20:56:27 - Overriding bean definition for bean 'itemClassRepository' with a different definition: replacing [Root bean: class=org.springframework.data.jpa.repository.support.JpaRepositoryFactoryBean; scope=; abstract=false; lazyInit=false; autowireMode=0; dependencyCheck=0; autowireCandidate=true; primary=false; fallback=false; factoryBeanName=null; factoryMethodName=null; initMethodNames=null; destroyMethodNames=null; defined in org.example.repositories.ItemClassRepository defined in @EnableJpaRepositories declared on ItemUpdater] with [Root bean: class=org.springframework.data.jpa.repository.support.JpaRepositoryFactoryBean; scope=; abstract=false; lazyInit=false; autowireMode=0; dependencyCheck=0; autowireCandidate=true; primary=false; fallback=false; factoryBeanName=null; factoryMethodName=null; initMethodNames=null; destroyMethodNames=null; defined in org.example.repositories.ItemClassRepository defined in @EnableJpaRepositories declared on API]
2025-01-19 20:56:27 - Finished Spring Data repository scanning in 6 ms. Found 7 JPA repository interfaces.
2025-01-19 20:56:27 - Tomcat initialized with port 8082 (http)
2025-01-19 20:56:27 - Initializing ProtocolHandler ["http-nio-8082"]
2025-01-19 20:56:27 - Starting service [Tomcat]
2025-01-19 20:56:27 - Starting Servlet engine: [Apache Tomcat/10.1.33]
2025-01-19 20:56:27 - Initializing Spring embedded WebApplicationContext
2025-01-19 20:56:27 - Root WebApplicationContext: initialization completed in 791 ms
2025-01-19 20:56:27 - HikariPool-1 - Starting...
2025-01-19 20:56:27 - HikariPool-1 - Added connection org.mariadb.jdbc.Connection@578c3fd9
2025-01-19 20:56:27 - HikariPool-1 - Start completed.
2025-01-19 20:56:27 - HHH000204: Processing PersistenceUnitInfo [name: default]
2025-01-19 20:56:27 - HHH000412: Hibernate ORM core version 6.6.2.Final
2025-01-19 20:56:27 - HHH000026: Second-level cache disabled
2025-01-19 20:56:27 - No LoadTimeWeaver setup: ignoring JPA class transformer
2025-01-19 20:56:27 - HHH90000025: MySQLDialect does not need to be specified explicitly using 'hibernate.dialect' (remove the property setting and it will be selected by default)
2025-01-19 20:56:27 - HHH10001005: Database info:
	Database JDBC URL [Connecting through datasource 'HikariDataSource (HikariPool-1)']
	Database driver: undefined/unknown
	Database version: 11.6.2
	Autocommit mode: undefined/unknown
	Isolation level: undefined/unknown
	Minimum pool size: undefined/unknown
	Maximum pool size: undefined/unknown
2025-01-19 20:56:28 - HHH000489: No JTA platform available (set 'hibernate.transaction.jta.platform' to enable JTA platform integration)
2025-01-19 20:56:28 - Initialized JPA EntityManagerFactory for persistence unit 'default'
2025-01-19 20:56:28 - Hibernate is in classpath; If applicable, HQL parser will be used.
2025-01-19 20:56:29 - spring.jpa.open-in-view is enabled by default. Therefore, database queries may be performed during view rendering. Explicitly configure spring.jpa.open-in-view to disable this warning
2025-01-19 20:56:29 - Starting ProtocolHandler ["http-nio-8082"]
2025-01-19 20:56:29 - Tomcat started on port 8082 (http) with context path '/'
2025-01-19 20:56:29 - Started API in 2.99 seconds (process running for 3.302)
2025-01-19 21:09:49 - Initializing Spring DispatcherServlet 'dispatcherServlet'
2025-01-19 21:09:49 - Initializing Servlet 'dispatcherServlet'
2025-01-19 21:09:49 - Completed initialization in 0 ms
2025-01-19 22:45:56 - Commencing graceful shutdown. Waiting for active requests to complete
2025-01-19 22:45:56 - Graceful shutdown complete
2025-01-19 22:45:58 - Closing JPA EntityManagerFactory for persistence unit 'default'
2025-01-19 22:45:58 - HikariPool-1 - Shutdown initiated...
2025-01-19 22:45:58 - HikariPool-1 - Shutdown completed.
